info @storybook/react v6.4.9
info 
info => Cleaning outputDir: /var/folders/zw/35b3l04d5yb9k14jbh7l1d3h0000gn/T/chromatic--23638-ykuk6id2B9m5
info => Loading presets
info => Compiling manager..
info => Compiling preview..
info => Using PostCSS preset with postcss@8.4.14
info => Using default Webpack5 setup
info => Manager built (17 s)
info => Preview built (20 s)
WARN asset size limit: The following asset(s) exceed the recommended size limit (244 KiB).
WARN This can impact web performance.
WARN Assets: 
WARN   main.7df717f0.iframe.bundle.js (1.13 MiB)
WARN   513.8497338c.iframe.bundle.js (560 KiB)
WARN   340.186337de.iframe.bundle.js (1.69 MiB)
WARN entrypoint size limit: The following entrypoint(s) combined asset size exceeds the recommended limit (244 KiB). This can impact web performance.
WARN Entrypoints:
WARN   main (2.83 MiB)
WARN       runtime~main.bec44996.iframe.bundle.js
WARN       340.186337de.iframe.bundle.js
WARN       main.7df717f0.iframe.bundle.js
WARN 
info => Output directory: /var/folders/zw/35b3l04d5yb9k14jbh7l1d3h0000gn/T/chromatic--23638-ykuk6id2B9m5
